<testsuites id="" name="" tests="1" failures="0" skipped="0" errors="0" time="8.317317">
<testsuite name="flujo-vuelta-mp-section-turnos.spec.ts" timestamp="2026-03-12T23:46:57.077Z" hostname="chromium" tests="1" failures="0" skipped="0" time="4.018" errors="0">
<testcase name="Vuelta desde MP con section=turnos › al cargar /{slug}?section=turnos se muestra Mis Turnos y se limpia section de la URL" classname="flujo-vuelta-mp-section-turnos.spec.ts" time="4.018">
</testcase>
</testsuite>
</testsuites>